<?xml version="1.0" encoding="UTF-8"?>
<!-- Generated by org.testng.reporters.JUnitReportReporter -->
<testsuite hostname="LAPTOP-O21UDL5D" failures="0" tests="3" name="testRunner.MyTestRunner" time="61.729" errors="0" timestamp="2023-10-01T10:53:06 IST" skipped="0">
  <testcase classname="testRunner.MyTestRunner" name="runScenario" time="19.390"/>
  <system-out/>
  <testcase classname="testRunner.MyTestRunner" name="runScenario" time="20.625"/>
  <system-out/>
  <testcase classname="testRunner.MyTestRunner" name="runScenario" time="21.714"/>
  <system-out/>
</testsuite> <!-- testRunner.MyTestRunner -->
