<?xml version="1.0" encoding="UTF-8"?>
<!-- Generated by org.testng.reporters.JUnitReportReporter -->
<testsuite hostname="LAPTOP-O21UDL5D" failures="0" tests="3" name="testRunner.MyTestRunner" time="42.316" errors="0" timestamp="2023-11-27T18:40:54 IST" skipped="0">
  <testcase classname="testRunner.MyTestRunner" name="runScenario" time="13.930"/>
  <system-out/>
  <testcase classname="testRunner.MyTestRunner" name="runScenario" time="14.099"/>
  <system-out/>
  <testcase classname="testRunner.MyTestRunner" name="runScenario" time="14.287"/>
  <system-out/>
</testsuite> <!-- testRunner.MyTestRunner -->
