<?xml version="1.0" encoding="UTF-8"?>
<!-- Generated by org.testng.reporters.JUnitReportReporter -->
<testsuite hostname="LAPTOP-O21UDL5D" failures="0" tests="7" name="testRunner.MyTestRunner" time="134.710" errors="0" timestamp="2024-03-04T13:06:29 IST" skipped="0">
  <testcase classname="testRunner.MyTestRunner" name="runScenario" time="29.470"/>
  <system-out/>
  <testcase classname="testRunner.MyTestRunner" name="runScenario" time="19.933"/>
  <system-out/>
  <testcase classname="testRunner.MyTestRunner" name="runScenario" time="29.673"/>
  <system-out/>
  <testcase classname="testRunner.MyTestRunner" name="runScenario" time="9.306"/>
  <system-out/>
  <testcase classname="testRunner.MyTestRunner" name="runScenario" time="12.570"/>
  <system-out/>
  <testcase classname="testRunner.MyTestRunner" name="runScenario" time="14.339"/>
  <system-out/>
  <testcase classname="testRunner.MyTestRunner" name="runScenario" time="19.419"/>
  <system-out/>
</testsuite> <!-- testRunner.MyTestRunner -->
