<?xml version="1.0" encoding="UTF-8"?>
<!-- Generated by org.testng.reporters.JUnitReportReporter -->
<testsuite hostname="LAPTOP-O21UDL5D" failures="0" tests="7" name="testRunner.MyTestRunner" time="127.884" errors="0" timestamp="2024-03-05T13:06:15 IST" skipped="0">
  <testcase classname="testRunner.MyTestRunner" name="runScenario" time="13.692"/>
  <system-out/>
  <testcase classname="testRunner.MyTestRunner" name="runScenario" time="9.632"/>
  <system-out/>
  <testcase classname="testRunner.MyTestRunner" name="runScenario" time="8.566"/>
  <system-out/>
  <testcase classname="testRunner.MyTestRunner" name="runScenario" time="29.914"/>
  <system-out/>
  <testcase classname="testRunner.MyTestRunner" name="runScenario" time="28.882"/>
  <system-out/>
  <testcase classname="testRunner.MyTestRunner" name="runScenario" time="18.752"/>
  <system-out/>
  <testcase classname="testRunner.MyTestRunner" name="runScenario" time="18.446"/>
  <system-out/>
</testsuite> <!-- testRunner.MyTestRunner -->
