<?xml version="1.0" encoding="UTF-8"?>
<!-- Generated by org.testng.reporters.JUnitReportReporter -->
<testsuite hostname="LAPTOP-O21UDL5D" failures="0" tests="7" name="testRunner.MyTestRunner" time="152.626" errors="0" timestamp="2024-03-01T11:59:44 IST" skipped="0">
  <testcase classname="testRunner.MyTestRunner" name="runScenario" time="21.999"/>
  <testcase classname="testRunner.MyTestRunner" name="runScenario" time="16.320"/>
  <testcase classname="testRunner.MyTestRunner" name="runScenario" time="34.042"/>
  <testcase classname="testRunner.MyTestRunner" name="runScenario" time="10.710"/>
  <testcase classname="testRunner.MyTestRunner" name="runScenario" time="32.201"/>
  <testcase classname="testRunner.MyTestRunner" name="runScenario" time="11.975"/>
  <testcase classname="testRunner.MyTestRunner" name="runScenario" time="25.379"/>
</testsuite> <!-- testRunner.MyTestRunner -->
